D:\VISUAL STUDIO 2012\PROJECT\C++\NUMERICALMETHOD\PROGRAM\DEBUG\PROGRAM.PCH
D:\VISUAL STUDIO 2012\PROJECT\C++\NUMERICALMETHOD\PROGRAM\DEBUG\STDAFX.OBJ
D:\VISUAL STUDIO 2012\PROJECT\C++\NUMERICALMETHOD\PROGRAM\DEBUG\VC110.PDB
D:\VISUAL STUDIO 2012\PROJECT\C++\NUMERICALMETHOD\PROGRAM\DEBUG\PROGRAM.OBJ
D:\VISUAL STUDIO 2012\PROJECT\C++\NUMERICALMETHOD\DEBUG\PROGRAM.ILK
D:\VISUAL STUDIO 2012\PROJECT\C++\NUMERICALMETHOD\DEBUG\PROGRAM.EXE
D:\VISUAL STUDIO 2012\PROJECT\C++\NUMERICALMETHOD\DEBUG\PROGRAM.PDB
D:\Visual Studio 2012\Project\C++\NumericalMethod\Program\Debug\Program.obj
D:\Visual Studio 2012\Project\C++\NumericalMethod\Program\Debug\stdafx.obj
D:\Visual Studio 2012\Project\C++\NumericalMethod\Program\Debug\cl.command.1.tlog
D:\Visual Studio 2012\Project\C++\NumericalMethod\Program\Debug\CL.read.1.tlog
D:\Visual Studio 2012\Project\C++\NumericalMethod\Program\Debug\CL.write.1.tlog
D:\Visual Studio 2012\Project\C++\NumericalMethod\Program\Debug\link-cvtres.read.1.tlog
D:\Visual Studio 2012\Project\C++\NumericalMethod\Program\Debug\link-cvtres.write.1.tlog
D:\Visual Studio 2012\Project\C++\NumericalMethod\Program\Debug\link-rc.read.1.tlog
D:\Visual Studio 2012\Project\C++\NumericalMethod\Program\Debug\link-rc.write.1.tlog
D:\Visual Studio 2012\Project\C++\NumericalMethod\Program\Debug\link.command.1.tlog
D:\Visual Studio 2012\Project\C++\NumericalMethod\Program\Debug\link.read.1.tlog
D:\Visual Studio 2012\Project\C++\NumericalMethod\Program\Debug\link.write.1.tlog
D:\Visual Studio 2012\Project\C++\NumericalMethod\Program\Debug\Program.pch
D:\Visual Studio 2012\Project\C++\NumericalMethod\Program\Debug\vc110.idb
D:\Visual Studio 2012\Project\C++\NumericalMethod\Program\Debug\vc110.pdb
D:\Visual Studio 2012\Project\C++\NumericalMethod\Debug\Program.pdb
D:\Visual Studio 2012\Project\C++\NumericalMethod\Debug\Program.exe
D:\Visual Studio 2012\Project\C++\NumericalMethod\Debug\Program.ilk
