빌드 시작: 2020-06-10 오전 1:33:44
     1>2 노드의 "D:\Project\C++\New\NumericalMethod\NumericalMethod\NumericalMethod.vcxproj" 프로젝트(Rebuild 대상)입니다.
     1>ClCompile:
         C:\Program Files (x86)\Microsoft Visual Studio 11.0\VC\bin\x86_amd64\CL.exe /c /I..\Algebra /Z7 /nologo /W3 /WX- /sdl /Od /D WIN32 /D _DEBUG /D _LIB /D _UNICODE /D UNICODE /Gm- /EHsc /RTC1 /MDd /GS /fp:precise /Zc:wchar_t /Zc:forScope /Yc"stdafx.h" /Fp"x64\Debug-MDd\NumericalMethod.pch" /Fo"x64\Debug-MDd\\" /Fd"x64\Debug-MDd\vc110.pdb" /Gd /TP /errorReport:prompt /Ylsymbol stdafx.cpp
         stdafx.cpp
         C:\Program Files (x86)\Microsoft Visual Studio 11.0\VC\bin\x86_amd64\CL.exe /c /I..\Algebra /Z7 /nologo /W3 /WX- /sdl /Od /D WIN32 /D _DEBUG /D _LIB /D _UNICODE /D UNICODE /Gm- /EHsc /RTC1 /MDd /GS /fp:precise /Zc:wchar_t /Zc:forScope /Yu"stdafx.h" /Fp"x64\Debug-MDd\NumericalMethod.pch" /Fo"x64\Debug-MDd\\" /Fd"x64\Debug-MDd\vc110.pdb" /Gd /TP /errorReport:prompt /Ylsymbol Interpolation.cpp Regression.cpp Spline.cpp
         Interpolation.cpp
         Regression.cpp
         Spline.cpp
         코드를 생성하고 있습니다...
       Lib:
         C:\Program Files (x86)\Microsoft Visual Studio 11.0\VC\bin\x86_amd64\Lib.exe /OUT:"D:\Project\C++\New\NumericalMethod\x64\Debug-MDd\NumericalMethod.lib" Algebra.lib /LIBPATH:"..\x64\Debug-MDd" /NOLOGO /MACHINE:X64 "x64\Debug-MDd\Interpolation.obj"
         "x64\Debug-MDd\Regression.obj"
         "x64\Debug-MDd\Spline.obj"
         "x64\Debug-MDd\stdafx.obj"
         x64\Debug-MDd\stdafx.obj을(를) 바꾸고 있습니다.
         NumericalMethod.vcxproj -> D:\Project\C++\New\NumericalMethod\x64\Debug-MDd\NumericalMethod.lib
     1>"D:\Project\C++\New\NumericalMethod\NumericalMethod\NumericalMethod.vcxproj" 프로젝트를 빌드했습니다(Rebuild 대상).

빌드했습니다.

경과 시간: 00:00:01.20
