D:\VISUAL STUDIO 2012\PROJECT\C++\NUMERICALMETHOD\ALGEBRA\DEBUG\ALGEBRA.PCH
D:\VISUAL STUDIO 2012\PROJECT\C++\NUMERICALMETHOD\ALGEBRA\DEBUG\STDAFX.OBJ
D:\VISUAL STUDIO 2012\PROJECT\C++\NUMERICALMETHOD\ALGEBRA\DEBUG\VC110.PDB
D:\VISUAL STUDIO 2012\PROJECT\C++\NUMERICALMETHOD\ALGEBRA\DEBUG\ALGEBRA.OBJ
D:\VISUAL STUDIO 2012\PROJECT\C++\NUMERICALMETHOD\ALGEBRA\DEBUG\NUMAT.OBJ
D:\VISUAL STUDIO 2012\PROJECT\C++\NUMERICALMETHOD\ALGEBRA\DEBUG\STRMAT.OBJ
D:\VISUAL STUDIO 2012\PROJECT\C++\NUMERICALMETHOD\DEBUG\ALGEBRA.LIB
D:\Visual Studio 2012\Project\C++\NumericalMethod\Algebra\Debug\Algebra.obj
D:\Visual Studio 2012\Project\C++\NumericalMethod\Algebra\Debug\Numat.obj
D:\Visual Studio 2012\Project\C++\NumericalMethod\Algebra\Debug\stdafx.obj
D:\Visual Studio 2012\Project\C++\NumericalMethod\Algebra\Debug\Strmat.obj
D:\Visual Studio 2012\Project\C++\NumericalMethod\Algebra\Debug\cl.command.1.tlog
D:\Visual Studio 2012\Project\C++\NumericalMethod\Algebra\Debug\CL.read.1.tlog
D:\Visual Studio 2012\Project\C++\NumericalMethod\Algebra\Debug\CL.write.1.tlog
D:\Visual Studio 2012\Project\C++\NumericalMethod\Algebra\Debug\Lib-link.read.1.tlog
D:\Visual Studio 2012\Project\C++\NumericalMethod\Algebra\Debug\Lib-link.write.1.tlog
D:\Visual Studio 2012\Project\C++\NumericalMethod\Algebra\Debug\lib.command.1.tlog
D:\Visual Studio 2012\Project\C++\NumericalMethod\Algebra\Debug\Algebra.pch
D:\Visual Studio 2012\Project\C++\NumericalMethod\Algebra\Debug\vc110.idb
D:\Visual Studio 2012\Project\C++\NumericalMethod\Algebra\Debug\vc110.pdb
D:\Visual Studio 2012\Project\C++\NumericalMethod\Debug\Algebra.lib
