D:\VISUAL STUDIO 2012\PROJECT\C++\NUMERICALMETHOD\ALGEBRA\RELEASE\ALGEBRA.PCH
D:\VISUAL STUDIO 2012\PROJECT\C++\NUMERICALMETHOD\ALGEBRA\RELEASE\STDAFX.OBJ
D:\VISUAL STUDIO 2012\PROJECT\C++\NUMERICALMETHOD\ALGEBRA\RELEASE\VC110.PDB
D:\VISUAL STUDIO 2012\PROJECT\C++\NUMERICALMETHOD\ALGEBRA\RELEASE\STRMAT.OBJ
D:\VISUAL STUDIO 2012\PROJECT\C++\NUMERICALMETHOD\ALGEBRA\RELEASE\NUMAT.OBJ
D:\VISUAL STUDIO 2012\PROJECT\C++\NUMERICALMETHOD\ALGEBRA\RELEASE\ALGEBRA.OBJ
D:\VISUAL STUDIO 2012\PROJECT\C++\NUMERICALMETHOD\RELEASE\ALGEBRA.LIB
D:\Visual Studio 2012\Project\C++\NumericalMethod\Algebra\Release\Algebra.obj
D:\Visual Studio 2012\Project\C++\NumericalMethod\Algebra\Release\Numat.obj
D:\Visual Studio 2012\Project\C++\NumericalMethod\Algebra\Release\stdafx.obj
D:\Visual Studio 2012\Project\C++\NumericalMethod\Algebra\Release\Strmat.obj
D:\Visual Studio 2012\Project\C++\NumericalMethod\Algebra\Release\cl.command.1.tlog
D:\Visual Studio 2012\Project\C++\NumericalMethod\Algebra\Release\CL.read.1.tlog
D:\Visual Studio 2012\Project\C++\NumericalMethod\Algebra\Release\CL.write.1.tlog
D:\Visual Studio 2012\Project\C++\NumericalMethod\Algebra\Release\Lib-link.read.1.tlog
D:\Visual Studio 2012\Project\C++\NumericalMethod\Algebra\Release\Lib-link.write.1.tlog
D:\Visual Studio 2012\Project\C++\NumericalMethod\Algebra\Release\lib.command.1.tlog
D:\Visual Studio 2012\Project\C++\NumericalMethod\Algebra\Release\Algebra.pch
D:\Visual Studio 2012\Project\C++\NumericalMethod\Algebra\Release\vc110.pdb
D:\Visual Studio 2012\Project\C++\NumericalMethod\Release\Algebra.lib
