빌드 시작: 2020-06-10 오전 1:33:59
     1>2 노드의 "D:\Project\C++\New\NumericalMethod\Algebra\Algebra.vcxproj" 프로젝트(Rebuild 대상)입니다.
     1>ClCompile:
         C:\Program Files (x86)\Microsoft Visual Studio 11.0\VC\bin\x86_amd64\CL.exe /c /Z7 /nologo /W3 /WX- /sdl /O2 /Oi /GL /D WIN32 /D NDEBUG /D _LIB /D _UNICODE /D UNICODE /Gm- /EHsc /MD /GS /Gy /fp:precise /Zc:wchar_t /Zc:forScope /Yc"stdafx.h" /Fp"x64\Release-MD\Algebra.pch" /Fo"x64\Release-MD\\" /Fd"x64\Release-MD\vc110.pdb" /Gd /TP /errorReport:prompt /Ylsymbol stdafx.cpp
         stdafx.cpp
         C:\Program Files (x86)\Microsoft Visual Studio 11.0\VC\bin\x86_amd64\CL.exe /c /Z7 /nologo /W3 /WX- /sdl /O2 /Oi /GL /D WIN32 /D NDEBUG /D _LIB /D _UNICODE /D UNICODE /Gm- /EHsc /MD /GS /Gy /fp:precise /Zc:wchar_t /Zc:forScope /Yu"stdafx.h" /Fp"x64\Release-MD\Algebra.pch" /Fo"x64\Release-MD\\" /Fd"x64\Release-MD\vc110.pdb" /Gd /TP /errorReport:prompt /Ylsymbol Decomposition.cpp Numat.cpp Object.cpp MSize.cpp Stmat.cpp
         Decomposition.cpp
         Numat.cpp
         Object.cpp
         MSize.cpp
         Stmat.cpp
       Lib:
         C:\Program Files (x86)\Microsoft Visual Studio 11.0\VC\bin\x86_amd64\Lib.exe /OUT:"D:\Project\C++\New\NumericalMethod\x64\Release-MD\Algebra.lib" /NOLOGO /MACHINE:X64 /LTCG "x64\Release-MD\Decomposition.obj"
         "x64\Release-MD\Numat.obj"
         "x64\Release-MD\Object.obj"
         "x64\Release-MD\MSize.obj"
         "x64\Release-MD\stdafx.obj"
         "x64\Release-MD\Stmat.obj"
         Algebra.vcxproj -> D:\Project\C++\New\NumericalMethod\x64\Release-MD\Algebra.lib
     1>"D:\Project\C++\New\NumericalMethod\Algebra\Algebra.vcxproj" 프로젝트를 빌드했습니다(Rebuild 대상).

빌드했습니다.

경과 시간: 00:00:01.89
