D:\PROJECT\C++\NEW\NUMERICALMETHOD\ALGEBRA\X64\RELEASE-MD\ALGEBRA.PCH
D:\PROJECT\C++\NEW\NUMERICALMETHOD\ALGEBRA\X64\RELEASE-MD\STDAFX.OBJ
D:\PROJECT\C++\NEW\NUMERICALMETHOD\ALGEBRA\X64\RELEASE-MD\STMAT.OBJ
D:\PROJECT\C++\NEW\NUMERICALMETHOD\ALGEBRA\X64\RELEASE-MD\MSIZE.OBJ
D:\PROJECT\C++\NEW\NUMERICALMETHOD\ALGEBRA\X64\RELEASE-MD\OBJECT.OBJ
D:\PROJECT\C++\NEW\NUMERICALMETHOD\ALGEBRA\X64\RELEASE-MD\NUMAT.OBJ
D:\PROJECT\C++\NEW\NUMERICALMETHOD\ALGEBRA\X64\RELEASE-MD\DECOMPOSITION.OBJ
D:\PROJECT\C++\NEW\NUMERICALMETHOD\X64\RELEASE-MD\ALGEBRA.LIB
D:\Project\C++\New\NumericalMethod\Algebra\x64\Release-MD\Decomposition.obj
D:\Project\C++\New\NumericalMethod\Algebra\x64\Release-MD\MSize.obj
D:\Project\C++\New\NumericalMethod\Algebra\x64\Release-MD\Numat.obj
D:\Project\C++\New\NumericalMethod\Algebra\x64\Release-MD\Object.obj
D:\Project\C++\New\NumericalMethod\Algebra\x64\Release-MD\stdafx.obj
D:\Project\C++\New\NumericalMethod\Algebra\x64\Release-MD\Stmat.obj
D:\Project\C++\New\NumericalMethod\Algebra\x64\Release-MD\cl.command.1.tlog
D:\Project\C++\New\NumericalMethod\Algebra\x64\Release-MD\CL.read.1.tlog
D:\Project\C++\New\NumericalMethod\Algebra\x64\Release-MD\CL.write.1.tlog
D:\Project\C++\New\NumericalMethod\Algebra\x64\Release-MD\Lib-link.read.1.tlog
D:\Project\C++\New\NumericalMethod\Algebra\x64\Release-MD\Lib-link.write.1.tlog
D:\Project\C++\New\NumericalMethod\Algebra\x64\Release-MD\lib.command.1.tlog
D:\Project\C++\New\NumericalMethod\Algebra\x64\Release-MD\Algebra.pch
D:\Project\C++\New\NumericalMethod\x64\Release-MD\Algebra.lib
