D:\PROJECT\C++\NEW\NUMERICALMETHOD\ALGEBRA\RELEASE-MT\ALGEBRA.PCH
D:\PROJECT\C++\NEW\NUMERICALMETHOD\ALGEBRA\RELEASE-MT\STDAFX.OBJ
D:\PROJECT\C++\NEW\NUMERICALMETHOD\ALGEBRA\RELEASE-MT\STMAT.OBJ
D:\PROJECT\C++\NEW\NUMERICALMETHOD\ALGEBRA\RELEASE-MT\MSIZE.OBJ
D:\PROJECT\C++\NEW\NUMERICALMETHOD\ALGEBRA\RELEASE-MT\OBJECT.OBJ
D:\PROJECT\C++\NEW\NUMERICALMETHOD\ALGEBRA\RELEASE-MT\NUMAT.OBJ
D:\PROJECT\C++\NEW\NUMERICALMETHOD\ALGEBRA\RELEASE-MT\DECOMPOSITION.OBJ
D:\PROJECT\C++\NEW\NUMERICALMETHOD\RELEASE-MT\ALGEBRA.LIB
D:\Project\C++\New\NumericalMethod\Algebra\Release-MT\Decomposition.obj
D:\Project\C++\New\NumericalMethod\Algebra\Release-MT\MSize.obj
D:\Project\C++\New\NumericalMethod\Algebra\Release-MT\Numat.obj
D:\Project\C++\New\NumericalMethod\Algebra\Release-MT\Object.obj
D:\Project\C++\New\NumericalMethod\Algebra\Release-MT\stdafx.obj
D:\Project\C++\New\NumericalMethod\Algebra\Release-MT\Stmat.obj
D:\Project\C++\New\NumericalMethod\Algebra\Release-MT\cl.command.1.tlog
D:\Project\C++\New\NumericalMethod\Algebra\Release-MT\CL.read.1.tlog
D:\Project\C++\New\NumericalMethod\Algebra\Release-MT\CL.write.1.tlog
D:\Project\C++\New\NumericalMethod\Algebra\Release-MT\Lib-link.read.1.tlog
D:\Project\C++\New\NumericalMethod\Algebra\Release-MT\Lib-link.write.1.tlog
D:\Project\C++\New\NumericalMethod\Algebra\Release-MT\lib.command.1.tlog
D:\Project\C++\New\NumericalMethod\Algebra\Release-MT\Algebra.pch
D:\Project\C++\New\NumericalMethod\Release-MT\Algebra.lib
