D:\PROJECT\C++\NEW\NUMERICALMETHOD\PROGRAM\X64\DEBUG-MDD\PROGRAM.PCH
D:\PROJECT\C++\NEW\NUMERICALMETHOD\PROGRAM\X64\DEBUG-MDD\STDAFX.OBJ
D:\PROJECT\C++\NEW\NUMERICALMETHOD\PROGRAM\X64\DEBUG-MDD\VC110.PDB
D:\PROJECT\C++\NEW\NUMERICALMETHOD\PROGRAM\X64\DEBUG-MDD\PROGRAM.OBJ
D:\PROJECT\C++\NEW\NUMERICALMETHOD\X64\DEBUG-MDD\PROGRAM.ILK
D:\PROJECT\C++\NEW\NUMERICALMETHOD\X64\DEBUG-MDD\PROGRAM.EXE
D:\PROJECT\C++\NEW\NUMERICALMETHOD\X64\DEBUG-MDD\PROGRAM.PDB
D:\Project\C++\New\NumericalMethod\Program\x64\Debug-MDd\Program.obj
D:\Project\C++\New\NumericalMethod\Program\x64\Debug-MDd\stdafx.obj
D:\Project\C++\New\NumericalMethod\Program\x64\Debug-MDd\cl.command.1.tlog
D:\Project\C++\New\NumericalMethod\Program\x64\Debug-MDd\CL.read.1.tlog
D:\Project\C++\New\NumericalMethod\Program\x64\Debug-MDd\CL.write.1.tlog
D:\Project\C++\New\NumericalMethod\Program\x64\Debug-MDd\link-cvtres.read.1.tlog
D:\Project\C++\New\NumericalMethod\Program\x64\Debug-MDd\link-cvtres.write.1.tlog
D:\Project\C++\New\NumericalMethod\Program\x64\Debug-MDd\link-rc.read.1.tlog
D:\Project\C++\New\NumericalMethod\Program\x64\Debug-MDd\link-rc.write.1.tlog
D:\Project\C++\New\NumericalMethod\Program\x64\Debug-MDd\link.11712-cvtres.read.1.tlog
D:\Project\C++\New\NumericalMethod\Program\x64\Debug-MDd\link.11712-cvtres.write.1.tlog
D:\Project\C++\New\NumericalMethod\Program\x64\Debug-MDd\link.11712-rc.read.1.tlog
D:\Project\C++\New\NumericalMethod\Program\x64\Debug-MDd\link.11712-rc.write.1.tlog
D:\Project\C++\New\NumericalMethod\Program\x64\Debug-MDd\link.11712.read.1.tlog
D:\Project\C++\New\NumericalMethod\Program\x64\Debug-MDd\link.11712.write.1.tlog
D:\Project\C++\New\NumericalMethod\Program\x64\Debug-MDd\link.command.1.tlog
D:\Project\C++\New\NumericalMethod\Program\x64\Debug-MDd\link.read.1.tlog
D:\Project\C++\New\NumericalMethod\Program\x64\Debug-MDd\link.write.1.tlog
D:\Project\C++\New\NumericalMethod\Program\x64\Debug-MDd\Program.pch
D:\Project\C++\New\NumericalMethod\Program\x64\Debug-MDd\vc110.idb
D:\Project\C++\New\NumericalMethod\Program\x64\Debug-MDd\vc110.pdb
D:\Project\C++\New\NumericalMethod\x64\Debug-MDd\Program.pdb
D:\Project\C++\New\NumericalMethod\x64\Debug-MDd\Program.exe
D:\Project\C++\New\NumericalMethod\x64\Debug-MDd\Program.ilk
