D:\VISUAL STUDIO 2012\PROJECT\C++\NUMERICALMETHOD\PROGRAM\RELEASE\PROGRAM.PCH
D:\VISUAL STUDIO 2012\PROJECT\C++\NUMERICALMETHOD\PROGRAM\RELEASE\STDAFX.OBJ
D:\VISUAL STUDIO 2012\PROJECT\C++\NUMERICALMETHOD\PROGRAM\RELEASE\VC110.PDB
D:\VISUAL STUDIO 2012\PROJECT\C++\NUMERICALMETHOD\PROGRAM\RELEASE\PROGRAM.OBJ
D:\VISUAL STUDIO 2012\PROJECT\C++\NUMERICALMETHOD\RELEASE\PROGRAM.EXE
D:\VISUAL STUDIO 2012\PROJECT\C++\NUMERICALMETHOD\RELEASE\PROGRAM.PDB
D:\Visual Studio 2012\Project\C++\NumericalMethod\Program\Release\Program.obj
D:\Visual Studio 2012\Project\C++\NumericalMethod\Program\Release\stdafx.obj
D:\Visual Studio 2012\Project\C++\NumericalMethod\Program\Release\cl.command.1.tlog
D:\Visual Studio 2012\Project\C++\NumericalMethod\Program\Release\CL.read.1.tlog
D:\Visual Studio 2012\Project\C++\NumericalMethod\Program\Release\CL.write.1.tlog
D:\Visual Studio 2012\Project\C++\NumericalMethod\Program\Release\link-cvtres.read.1.tlog
D:\Visual Studio 2012\Project\C++\NumericalMethod\Program\Release\link-cvtres.write.1.tlog
D:\Visual Studio 2012\Project\C++\NumericalMethod\Program\Release\link-rc.read.1.tlog
D:\Visual Studio 2012\Project\C++\NumericalMethod\Program\Release\link-rc.write.1.tlog
D:\Visual Studio 2012\Project\C++\NumericalMethod\Program\Release\link.command.1.tlog
D:\Visual Studio 2012\Project\C++\NumericalMethod\Program\Release\link.read.1.tlog
D:\Visual Studio 2012\Project\C++\NumericalMethod\Program\Release\link.write.1.tlog
D:\Visual Studio 2012\Project\C++\NumericalMethod\Program\Release\Program.pch
D:\Visual Studio 2012\Project\C++\NumericalMethod\Program\Release\vc110.pdb
D:\Visual Studio 2012\Project\C++\NumericalMethod\Release\Program.pdb
D:\Visual Studio 2012\Project\C++\NumericalMethod\Release\Program.exe
