D:\PROJECT\C++\NEW\NUMERICALMETHOD\PROGRAM\X64\RELEASE-MT\PROGRAM.PCH
D:\PROJECT\C++\NEW\NUMERICALMETHOD\PROGRAM\X64\RELEASE-MT\STDAFX.OBJ
D:\PROJECT\C++\NEW\NUMERICALMETHOD\PROGRAM\X64\RELEASE-MT\VC110.PDB
D:\PROJECT\C++\NEW\NUMERICALMETHOD\PROGRAM\X64\RELEASE-MT\PROGRAM.OBJ
D:\PROJECT\C++\NEW\NUMERICALMETHOD\X64\RELEASE-MT\PROGRAM.EXE
D:\PROJECT\C++\NEW\NUMERICALMETHOD\X64\RELEASE-MT\PROGRAM.PDB
D:\Project\C++\New\NumericalMethod\Program\x64\Release-MT\Program.obj
D:\Project\C++\New\NumericalMethod\Program\x64\Release-MT\stdafx.obj
D:\Project\C++\New\NumericalMethod\Program\x64\Release-MT\cl.command.1.tlog
D:\Project\C++\New\NumericalMethod\Program\x64\Release-MT\CL.read.1.tlog
D:\Project\C++\New\NumericalMethod\Program\x64\Release-MT\CL.write.1.tlog
D:\Project\C++\New\NumericalMethod\Program\x64\Release-MT\link-cvtres.read.1.tlog
D:\Project\C++\New\NumericalMethod\Program\x64\Release-MT\link-cvtres.write.1.tlog
D:\Project\C++\New\NumericalMethod\Program\x64\Release-MT\link-rc.read.1.tlog
D:\Project\C++\New\NumericalMethod\Program\x64\Release-MT\link-rc.write.1.tlog
D:\Project\C++\New\NumericalMethod\Program\x64\Release-MT\link.command.1.tlog
D:\Project\C++\New\NumericalMethod\Program\x64\Release-MT\link.read.1.tlog
D:\Project\C++\New\NumericalMethod\Program\x64\Release-MT\link.write.1.tlog
D:\Project\C++\New\NumericalMethod\Program\x64\Release-MT\Program.pch
D:\Project\C++\New\NumericalMethod\Program\x64\Release-MT\vc110.pdb
D:\Project\C++\New\NumericalMethod\x64\Release-MT\Program.pdb
D:\Project\C++\New\NumericalMethod\x64\Release-MT\Program.exe
