D:\PROJECT\C++\NEW\NUMERICALMETHOD\ALGEBRA\DEBUG-MDD\ALGEBRA.PCH
D:\PROJECT\C++\NEW\NUMERICALMETHOD\ALGEBRA\DEBUG-MDD\STDAFX.OBJ
D:\PROJECT\C++\NEW\NUMERICALMETHOD\ALGEBRA\DEBUG-MDD\STMAT.OBJ
D:\PROJECT\C++\NEW\NUMERICALMETHOD\ALGEBRA\DEBUG-MDD\MSIZE.OBJ
D:\PROJECT\C++\NEW\NUMERICALMETHOD\ALGEBRA\DEBUG-MDD\OBJECT.OBJ
D:\PROJECT\C++\NEW\NUMERICALMETHOD\ALGEBRA\DEBUG-MDD\NUMAT.OBJ
D:\PROJECT\C++\NEW\NUMERICALMETHOD\ALGEBRA\DEBUG-MDD\DECOMPOSITION.OBJ
D:\PROJECT\C++\NEW\NUMERICALMETHOD\DEBUG-MDD\ALGEBRA.LIB
D:\Project\C++\New\NumericalMethod\Algebra\Debug-MDd\Decomposition.obj
D:\Project\C++\New\NumericalMethod\Algebra\Debug-MDd\MSize.obj
D:\Project\C++\New\NumericalMethod\Algebra\Debug-MDd\Numat.obj
D:\Project\C++\New\NumericalMethod\Algebra\Debug-MDd\Object.obj
D:\Project\C++\New\NumericalMethod\Algebra\Debug-MDd\stdafx.obj
D:\Project\C++\New\NumericalMethod\Algebra\Debug-MDd\Stmat.obj
D:\Project\C++\New\NumericalMethod\Algebra\Debug-MDd\cl.command.1.tlog
D:\Project\C++\New\NumericalMethod\Algebra\Debug-MDd\CL.read.1.tlog
D:\Project\C++\New\NumericalMethod\Algebra\Debug-MDd\CL.write.1.tlog
D:\Project\C++\New\NumericalMethod\Algebra\Debug-MDd\Lib-link.read.1.tlog
D:\Project\C++\New\NumericalMethod\Algebra\Debug-MDd\Lib-link.write.1.tlog
D:\Project\C++\New\NumericalMethod\Algebra\Debug-MDd\lib.command.1.tlog
D:\Project\C++\New\NumericalMethod\Algebra\Debug-MDd\Algebra.pch
D:\Project\C++\New\NumericalMethod\Debug-MDd\Algebra.lib
