빌드 시작: 2020-06-10 오전 1:33:08
     1>2 노드의 "D:\Project\C++\New\NumericalMethod\Algebra\Algebra.vcxproj" 프로젝트(Rebuild 대상)입니다.
     1>ClCompile:
         C:\Program Files (x86)\Microsoft Visual Studio 11.0\VC\bin\CL.exe /c /Z7 /nologo /W3 /WX- /sdl /Od /Oy- /D WIN32 /D _DEBUG /D _LIB /D _UNICODE /D UNICODE /Gm- /EHsc /RTC1 /MDd /GS /fp:precise /Zc:wchar_t /Zc:forScope /Yc"stdafx.h" /Fp"Debug-MDd\Algebra.pch" /Fo"Debug-MDd\\" /Fd"Debug-MDd\vc110.pdb" /Gd /TP /analyze- /errorReport:prompt /Ylsymbol stdafx.cpp
         stdafx.cpp
         C:\Program Files (x86)\Microsoft Visual Studio 11.0\VC\bin\CL.exe /c /Z7 /nologo /W3 /WX- /sdl /Od /Oy- /D WIN32 /D _DEBUG /D _LIB /D _UNICODE /D UNICODE /Gm- /EHsc /RTC1 /MDd /GS /fp:precise /Zc:wchar_t /Zc:forScope /Yu"stdafx.h" /Fp"Debug-MDd\Algebra.pch" /Fo"Debug-MDd\\" /Fd"Debug-MDd\vc110.pdb" /Gd /TP /analyze- /errorReport:prompt /Ylsymbol Decomposition.cpp Numat.cpp Object.cpp MSize.cpp Stmat.cpp
         Decomposition.cpp
         Numat.cpp
         Object.cpp
         MSize.cpp
         Stmat.cpp
         코드를 생성하고 있습니다...
       Lib:
         C:\Program Files (x86)\Microsoft Visual Studio 11.0\VC\bin\Lib.exe /OUT:"D:\Project\C++\New\NumericalMethod\Debug-MDd\Algebra.lib" /NOLOGO "Debug-MDd\Decomposition.obj"
         "Debug-MDd\Numat.obj"
         "Debug-MDd\Object.obj"
         "Debug-MDd\MSize.obj"
         "Debug-MDd\stdafx.obj"
         "Debug-MDd\Stmat.obj"
         Algebra.vcxproj -> D:\Project\C++\New\NumericalMethod\Debug-MDd\Algebra.lib
     1>"D:\Project\C++\New\NumericalMethod\Algebra\Algebra.vcxproj" 프로젝트를 빌드했습니다(Rebuild 대상).

빌드했습니다.

경과 시간: 00:00:01.46
