빌드 시작: 2017-05-06 오후 5:33:17
     1>2 노드의 "D:\Visual Studio 2012\Project\C++\NumericalMethod\NumericalMethod\NumericalMethod.vcxproj" 프로젝트(Rebuild 대상)입니다.
     1>ClCompile:
         C:\Program Files (x86)\Microsoft Visual Studio 11.0\VC\bin\CL.exe /c /I..\Algebra /Z7 /nologo /W3 /WX- /sdl /Od /Oy- /D WIN32 /D _DEBUG /D _LIB /D _UNICODE /D UNICODE /Gm- /EHsc /RTC1 /MDd /GS /fp:precise /Zc:wchar_t /Zc:forScope /Yc"stdafx.h" /Fp"Debug\NumericalMethod.pch" /Fo"Debug\\" /Fd"Debug\vc110.pdb" /Gd /TP /analyze- /errorReport:prompt /Ylsymbol stdafx.cpp
         stdafx.cpp
         C:\Program Files (x86)\Microsoft Visual Studio 11.0\VC\bin\CL.exe /c /I..\Algebra /Z7 /nologo /W3 /WX- /sdl /Od /Oy- /D WIN32 /D _DEBUG /D _LIB /D _UNICODE /D UNICODE /Gm- /EHsc /RTC1 /MDd /GS /fp:precise /Zc:wchar_t /Zc:forScope /Yu"stdafx.h" /Fp"Debug\NumericalMethod.pch" /Fo"Debug\\" /Fd"Debug\vc110.pdb" /Gd /TP /analyze- /errorReport:prompt /Ylsymbol Interpolation.cpp Regression.cpp Spline.cpp
         Interpolation.cpp
         Regression.cpp
         Spline.cpp
         코드를 생성하고 있습니다...
       Lib:
         C:\Program Files (x86)\Microsoft Visual Studio 11.0\VC\bin\Lib.exe /OUT:"D:\Visual Studio 2012\Project\C++\NumericalMethod\Debug\NumericalMethod.lib" Algebra.lib /LIBPATH:..\Debug /NOLOGO Debug\Interpolation.obj
         Debug\Regression.obj
         Debug\Spline.obj
         Debug\stdafx.obj
         Debug\stdafx.obj을(를) 바꾸고 있습니다.
         NumericalMethod.vcxproj -> D:\Visual Studio 2012\Project\C++\NumericalMethod\Debug\NumericalMethod.lib
     1>"D:\Visual Studio 2012\Project\C++\NumericalMethod\NumericalMethod\NumericalMethod.vcxproj" 프로젝트를 빌드했습니다(Rebuild 대상).

빌드했습니다.

경과 시간: 00:00:01.25
