D:\VISUAL STUDIO 2012\PROJECT\C++\NUMERICALMETHOD\NUMERICALMETHOD\DEBUG\NUMERICALMETHOD.PCH
D:\VISUAL STUDIO 2012\PROJECT\C++\NUMERICALMETHOD\NUMERICALMETHOD\DEBUG\STDAFX.OBJ
D:\VISUAL STUDIO 2012\PROJECT\C++\NUMERICALMETHOD\NUMERICALMETHOD\DEBUG\VC110.PDB
D:\VISUAL STUDIO 2012\PROJECT\C++\NUMERICALMETHOD\NUMERICALMETHOD\DEBUG\INTERPOLATION.OBJ
D:\VISUAL STUDIO 2012\PROJECT\C++\NUMERICALMETHOD\NUMERICALMETHOD\DEBUG\REGRESSION.OBJ
D:\VISUAL STUDIO 2012\PROJECT\C++\NUMERICALMETHOD\NUMERICALMETHOD\DEBUG\SPLINE.OBJ
D:\VISUAL STUDIO 2012\PROJECT\C++\NUMERICALMETHOD\DEBUG\NUMERICALMETHOD.LIB
D:\Visual Studio 2012\Project\C++\NumericalMethod\NumericalMethod\Debug\Interpolation.obj
D:\Visual Studio 2012\Project\C++\NumericalMethod\NumericalMethod\Debug\Regression.obj
D:\Visual Studio 2012\Project\C++\NumericalMethod\NumericalMethod\Debug\Spline.obj
D:\Visual Studio 2012\Project\C++\NumericalMethod\NumericalMethod\Debug\stdafx.obj
D:\Visual Studio 2012\Project\C++\NumericalMethod\NumericalMethod\Debug\cl.command.1.tlog
D:\Visual Studio 2012\Project\C++\NumericalMethod\NumericalMethod\Debug\CL.read.1.tlog
D:\Visual Studio 2012\Project\C++\NumericalMethod\NumericalMethod\Debug\CL.write.1.tlog
D:\Visual Studio 2012\Project\C++\NumericalMethod\NumericalMethod\Debug\Lib-link.read.1.tlog
D:\Visual Studio 2012\Project\C++\NumericalMethod\NumericalMethod\Debug\Lib-link.write.1.tlog
D:\Visual Studio 2012\Project\C++\NumericalMethod\NumericalMethod\Debug\lib.command.1.tlog
D:\Visual Studio 2012\Project\C++\NumericalMethod\NumericalMethod\Debug\NumericalMethod.pch
D:\Visual Studio 2012\Project\C++\NumericalMethod\NumericalMethod\Debug\vc110.idb
D:\Visual Studio 2012\Project\C++\NumericalMethod\NumericalMethod\Debug\vc110.pdb
D:\Visual Studio 2012\Project\C++\NumericalMethod\Debug\NumericalMethod.lib
