D:\PROJECT\C++\NEW\NUMERICALMETHOD\ALGEBRA\DEBUG-MTD\ALGEBRA.PCH
D:\PROJECT\C++\NEW\NUMERICALMETHOD\ALGEBRA\DEBUG-MTD\STDAFX.OBJ
D:\PROJECT\C++\NEW\NUMERICALMETHOD\ALGEBRA\DEBUG-MTD\STMAT.OBJ
D:\PROJECT\C++\NEW\NUMERICALMETHOD\ALGEBRA\DEBUG-MTD\MSIZE.OBJ
D:\PROJECT\C++\NEW\NUMERICALMETHOD\ALGEBRA\DEBUG-MTD\OBJECT.OBJ
D:\PROJECT\C++\NEW\NUMERICALMETHOD\ALGEBRA\DEBUG-MTD\NUMAT.OBJ
D:\PROJECT\C++\NEW\NUMERICALMETHOD\ALGEBRA\DEBUG-MTD\DECOMPOSITION.OBJ
D:\PROJECT\C++\NEW\NUMERICALMETHOD\DEBUG-MTD\ALGEBRA.LIB
D:\Project\C++\New\NumericalMethod\Algebra\Debug-MTd\Decomposition.obj
D:\Project\C++\New\NumericalMethod\Algebra\Debug-MTd\MSize.obj
D:\Project\C++\New\NumericalMethod\Algebra\Debug-MTd\Numat.obj
D:\Project\C++\New\NumericalMethod\Algebra\Debug-MTd\Object.obj
D:\Project\C++\New\NumericalMethod\Algebra\Debug-MTd\stdafx.obj
D:\Project\C++\New\NumericalMethod\Algebra\Debug-MTd\Stmat.obj
D:\Project\C++\New\NumericalMethod\Algebra\Debug-MTd\cl.command.1.tlog
D:\Project\C++\New\NumericalMethod\Algebra\Debug-MTd\CL.read.1.tlog
D:\Project\C++\New\NumericalMethod\Algebra\Debug-MTd\CL.write.1.tlog
D:\Project\C++\New\NumericalMethod\Algebra\Debug-MTd\Lib-link.read.1.tlog
D:\Project\C++\New\NumericalMethod\Algebra\Debug-MTd\Lib-link.write.1.tlog
D:\Project\C++\New\NumericalMethod\Algebra\Debug-MTd\lib.command.1.tlog
D:\Project\C++\New\NumericalMethod\Algebra\Debug-MTd\Algebra.pch
D:\Project\C++\New\NumericalMethod\Debug-MTd\Algebra.lib
