D:\VISUAL STUDIO 2012\PROJECT\C++\NUMERICALMETHOD\NUMERICALMETHOD\RELEASE\NUMERICALMETHOD.PCH
D:\VISUAL STUDIO 2012\PROJECT\C++\NUMERICALMETHOD\NUMERICALMETHOD\RELEASE\STDAFX.OBJ
D:\VISUAL STUDIO 2012\PROJECT\C++\NUMERICALMETHOD\NUMERICALMETHOD\RELEASE\VC110.PDB
D:\VISUAL STUDIO 2012\PROJECT\C++\NUMERICALMETHOD\NUMERICALMETHOD\RELEASE\SPLINE.OBJ
D:\VISUAL STUDIO 2012\PROJECT\C++\NUMERICALMETHOD\NUMERICALMETHOD\RELEASE\REGRESSION.OBJ
D:\VISUAL STUDIO 2012\PROJECT\C++\NUMERICALMETHOD\NUMERICALMETHOD\RELEASE\INTERPOLATION.OBJ
D:\VISUAL STUDIO 2012\PROJECT\C++\NUMERICALMETHOD\RELEASE\NUMERICALMETHOD.LIB
D:\Visual Studio 2012\Project\C++\NumericalMethod\NumericalMethod\Release\Interpolation.obj
D:\Visual Studio 2012\Project\C++\NumericalMethod\NumericalMethod\Release\Regression.obj
D:\Visual Studio 2012\Project\C++\NumericalMethod\NumericalMethod\Release\Spline.obj
D:\Visual Studio 2012\Project\C++\NumericalMethod\NumericalMethod\Release\stdafx.obj
D:\Visual Studio 2012\Project\C++\NumericalMethod\NumericalMethod\Release\cl.command.1.tlog
D:\Visual Studio 2012\Project\C++\NumericalMethod\NumericalMethod\Release\CL.read.1.tlog
D:\Visual Studio 2012\Project\C++\NumericalMethod\NumericalMethod\Release\CL.write.1.tlog
D:\Visual Studio 2012\Project\C++\NumericalMethod\NumericalMethod\Release\Lib-link.read.1.tlog
D:\Visual Studio 2012\Project\C++\NumericalMethod\NumericalMethod\Release\Lib-link.write.1.tlog
D:\Visual Studio 2012\Project\C++\NumericalMethod\NumericalMethod\Release\lib.command.1.tlog
D:\Visual Studio 2012\Project\C++\NumericalMethod\NumericalMethod\Release\NumericalMethod.pch
D:\Visual Studio 2012\Project\C++\NumericalMethod\NumericalMethod\Release\vc110.pdb
D:\Visual Studio 2012\Project\C++\NumericalMethod\Release\NumericalMethod.lib
